<?xml version="1.0" encoding="UTF-8"?>
<testsuite xmlns:xsi="http://www.w3.org/2001/XMLSchema-instance" xsi:noNamespaceSchemaLocation="https://maven.apache.org/surefire/maven-surefire-plugin/xsd/surefire-test-report.xsd" name="org.geysermc.connector.network.translators.chat.MessageTranslatorTest" time="0.511" tests="2" errors="0" skipped="0" failures="0">
  <properties>
    <property name="git.tags" value=""/>
    <property name="java.specification.version" value="16"/>
    <property name="sun.cpu.isalist" value="amd64"/>
    <property name="sun.jnu.encoding" value="Cp1252"/>
    <property name="git.build.version" value="1.4.1-SNAPSHOT"/>
    <property name="java.class.path" value="C:\Users\deep_\Documents\cdefense\GitProject\java\Geyser\connector\target\test-classes;C:\Users\deep_\Documents\cdefense\GitProject\java\Geyser\connector\target\classes;C:\Users\deep_\Documents\cdefense\GitProject\java\Geyser\ap\target\ap-1.4.1-SNAPSHOT.jar;C:\Users\deep_\Documents\cdefense\GitProject\java\Geyser\common\target\common-1.4.1-SNAPSHOT.jar;C:\Users\deep_\.m2\repository\org\geysermc\cumulus\cumulus\1.0-SNAPSHOT\cumulus-1.0-SNAPSHOT.jar;C:\Users\deep_\.m2\repository\com\google\errorprone\javac\9+181-r4173-1\javac-9+181-r4173-1.jar;C:\Users\deep_\.m2\repository\com\google\code\gson\gson\2.8.6\gson-2.8.6.jar;C:\Users\deep_\.m2\repository\com\fasterxml\jackson\core\jackson-annotations\2.10.2\jackson-annotations-2.10.2.jar;C:\Users\deep_\.m2\repository\com\fasterxml\jackson\core\jackson-core\2.10.2\jackson-core-2.10.2.jar;C:\Users\deep_\.m2\repository\com\fasterxml\jackson\core\jackson-databind\2.10.2\jackson-databind-2.10.2.jar;C:\Users\deep_\.m2\repository\com\fasterxml\jackson\dataformat\jackson-dataformat-yaml\2.10.2\jackson-dataformat-yaml-2.10.2.jar;C:\Users\deep_\.m2\repository\org\yaml\snakeyaml\1.24\snakeyaml-1.24.jar;C:\Users\deep_\.m2\repository\org\java-websocket\Java-WebSocket\1.5.1\Java-WebSocket-1.5.1.jar;C:\Users\deep_\.m2\repository\org\slf4j\slf4j-api\1.7.25\slf4j-api-1.7.25.jar;C:\Users\deep_\.m2\repository\com\github\CloudburstMC\Protocol\bedrock-v448\690a545d\bedrock-v448-690a545d.jar;C:\Users\deep_\.m2\repository\com\github\CloudburstMC\Protocol\bedrock-v440\690a545d\bedrock-v440-690a545d.jar;C:\Users\deep_\.m2\repository\com\github\CloudburstMC\Protocol\bedrock-v431\690a545d\bedrock-v431-690a545d.jar;C:\Users\deep_\.m2\repository\com\github\CloudburstMC\Protocol\bedrock-v428\690a545d\bedrock-v428-690a545d.jar;C:\Users\deep_\.m2\repository\com\github\CloudburstMC\Protocol\bedrock-v422\690a545d\bedrock-v422-690a545d.jar;C:\Users\deep_\.m2\repository\com\github\CloudburstMC\Protocol\bedrock-v419\690a545d\bedrock-v419-690a545d.jar;C:\Users\deep_\.m2\repository\com\github\CloudburstMC\Protocol\bedrock-v408\690a545d\bedrock-v408-690a545d.jar;C:\Users\deep_\.m2\repository\com\github\CloudburstMC\Protocol\bedrock-v407\690a545d\bedrock-v407-690a545d.jar;C:\Users\deep_\.m2\repository\com\github\CloudburstMC\Protocol\bedrock-v390\690a545d\bedrock-v390-690a545d.jar;C:\Users\deep_\.m2\repository\com\github\CloudburstMC\Protocol\bedrock-v389\690a545d\bedrock-v389-690a545d.jar;C:\Users\deep_\.m2\repository\com\github\CloudburstMC\Protocol\bedrock-v388\690a545d\bedrock-v388-690a545d.jar;C:\Users\deep_\.m2\repository\com\github\CloudburstMC\Protocol\bedrock-v361\690a545d\bedrock-v361-690a545d.jar;C:\Users\deep_\.m2\repository\com\github\CloudburstMC\Protocol\bedrock-v354\690a545d\bedrock-v354-690a545d.jar;C:\Users\deep_\.m2\repository\com\github\CloudburstMC\Protocol\bedrock-v340\690a545d\bedrock-v340-690a545d.jar;C:\Users\deep_\.m2\repository\com\github\CloudburstMC\Protocol\bedrock-v332\690a545d\bedrock-v332-690a545d.jar;C:\Users\deep_\.m2\repository\com\github\CloudburstMC\Protocol\bedrock-v313\690a545d\bedrock-v313-690a545d.jar;C:\Users\deep_\.m2\repository\com\github\CloudburstMC\Protocol\bedrock-v291\690a545d\bedrock-v291-690a545d.jar;C:\Users\deep_\.m2\repository\com\github\CloudburstMC\Protocol\bedrock-common\690a545d\bedrock-common-690a545d.jar;C:\Users\deep_\.m2\repository\com\github\CloudburstMC\Protocol\common\690a545d\common-690a545d.jar;C:\Users\deep_\.m2\repository\com\nukkitx\natives\1.0.2\natives-1.0.2.jar;C:\Users\deep_\.m2\repository\com\nukkitx\nbt\2.0.1\nbt-2.0.1.jar;C:\Users\deep_\.m2\repository\com\nukkitx\math\1.1.0\math-1.1.0.jar;C:\Users\deep_\.m2\repository\com\nukkitx\fastutil\fastutil-int-object-maps\8.5.3\fastutil-int-object-maps-8.5.3.jar;C:\Users\deep_\.m2\repository\com\nimbusds\nimbus-jose-jwt\5.2\nimbus-jose-jwt-5.2.jar;C:\Users\deep_\.m2\repository\com\github\stephenc\jcip\jcip-annotations\1.0-1\jcip-annotations-1.0-1.jar;C:\Users\deep_\.m2\repository\net\minidev\json-smart\2.3\json-smart-2.3.jar;C:\Users\deep_\.m2\repository\net\minidev\accessors-smart\1.2\accessors-smart-1.2.jar;C:\Users\deep_\.m2\repository\org\ow2\asm\asm\5.0.4\asm-5.0.4.jar;C:\Users\deep_\.m2\repository\com\nukkitx\fastutil\fastutil-long-object-maps\8.5.3\fastutil-long-object-maps-8.5.3.jar;C:\Users\deep_\.m2\repository\com\nukkitx\network\raknet\1.6.26-SNAPSHOT\raknet-1.6.26-SNAPSHOT.jar;C:\Users\deep_\.m2\repository\com\nukkitx\network\common\1.6.26-SNAPSHOT\common-1.6.26-SNAPSHOT.jar;C:\Users\deep_\.m2\repository\net\jodah\expiringmap\0.5.9\expiringmap-0.5.9.jar;C:\Users\deep_\.m2\repository\com\nukkitx\fastutil\fastutil-int-int-maps\8.5.2\fastutil-int-int-maps-8.5.2.jar;C:\Users\deep_\.m2\repository\com\nukkitx\fastutil\fastutil-int-sets\8.5.2\fastutil-int-sets-8.5.2.jar;C:\Users\deep_\.m2\repository\com\nukkitx\fastutil\fastutil-int-common\8.5.2\fastutil-int-common-8.5.2.jar;C:\Users\deep_\.m2\repository\com\nukkitx\fastutil\fastutil-common\8.5.2\fastutil-common-8.5.2.jar;C:\Users\deep_\.m2\repository\com\nukkitx\fastutil\fastutil-object-sets\8.5.2\fastutil-object-sets-8.5.2.jar;C:\Users\deep_\.m2\repository\com\nukkitx\fastutil\fastutil-object-common\8.5.2\fastutil-object-common-8.5.2.jar;C:\Users\deep_\.m2\repository\com\nukkitx\fastutil\fastutil-long-long-maps\8.5.2\fastutil-long-long-maps-8.5.2.jar;C:\Users\deep_\.m2\repository\com\nukkitx\fastutil\fastutil-long-sets\8.5.2\fastutil-long-sets-8.5.2.jar;C:\Users\deep_\.m2\repository\com\nukkitx\fastutil\fastutil-long-common\8.5.2\fastutil-long-common-8.5.2.jar;C:\Users\deep_\.m2\repository\com\nukkitx\fastutil\fastutil-int-byte-maps\8.5.2\fastutil-int-byte-maps-8.5.2.jar;C:\Users\deep_\.m2\repository\com\nukkitx\fastutil\fastutil-byte-sets\8.5.2\fastutil-byte-sets-8.5.2.jar;C:\Users\deep_\.m2\repository\com\nukkitx\fastutil\fastutil-byte-common\8.5.2\fastutil-byte-common-8.5.2.jar;C:\Users\deep_\.m2\repository\com\nukkitx\fastutil\fastutil-int-boolean-maps\8.5.2\fastutil-int-boolean-maps-8.5.2.jar;C:\Users\deep_\.m2\repository\com\nukkitx\fastutil\fastutil-boolean-sets\8.5.2\fastutil-boolean-sets-8.5.2.jar;C:\Users\deep_\.m2\repository\com\nukkitx\fastutil\fastutil-boolean-common\8.5.2\fastutil-boolean-common-8.5.2.jar;C:\Users\deep_\.m2\repository\com\nukkitx\fastutil\fastutil-object-int-maps\8.5.2\fastutil-object-int-maps-8.5.2.jar;C:\Users\deep_\.m2\repository\com\nukkitx\fastutil\fastutil-object-object-maps\8.5.2\fastutil-object-object-maps-8.5.2.jar;C:\Users\deep_\.m2\repository\com\google\guava\guava\29.0-jre\guava-29.0-jre.jar;C:\Users\deep_\.m2\repository\com\google\guava\failureaccess\1.0.1\failureaccess-1.0.1.jar;C:\Users\deep_\.m2\repository\com\google\guava\listenablefuture\9999.0-empty-to-avoid-conflict-with-guava\listenablefuture-9999.0-empty-to-avoid-conflict-with-guava.jar;C:\Users\deep_\.m2\repository\com\google\code\findbugs\jsr305\3.0.2\jsr305-3.0.2.jar;C:\Users\deep_\.m2\repository\org\checkerframework\checker-qual\2.11.1\checker-qual-2.11.1.jar;C:\Users\deep_\.m2\repository\com\google\errorprone\error_prone_annotations\2.3.4\error_prone_annotations-2.3.4.jar;C:\Users\deep_\.m2\repository\com\google\j2objc\j2objc-annotations\1.3\j2objc-annotations-1.3.jar;C:\Users\deep_\.m2\repository\com\github\GeyserMC\MCAuthLib\0e48a094f2\MCAuthLib-0e48a094f2.jar;C:\Users\deep_\.m2\repository\com\github\GeyserMC\MCProtocolLib\e427237\MCProtocolLib-e427237.jar;C:\Users\deep_\.m2\repository\com\github\steveice10\opennbt\1.4\opennbt-1.4.jar;C:\Users\deep_\.m2\repository\com\github\GeyserMC\PacketLib\0b75570\PacketLib-0b75570.jar;C:\Users\deep_\.m2\repository\com\github\spotbugs\spotbugs-annotations\4.2.0\spotbugs-annotations-4.2.0.jar;C:\Users\deep_\.m2\repository\io\netty\netty-resolver-dns\4.1.59.Final\netty-resolver-dns-4.1.59.Final.jar;C:\Users\deep_\.m2\repository\io\netty\netty-common\4.1.59.Final\netty-common-4.1.59.Final.jar;C:\Users\deep_\.m2\repository\io\netty\netty-buffer\4.1.59.Final\netty-buffer-4.1.59.Final.jar;C:\Users\deep_\.m2\repository\io\netty\netty-resolver\4.1.59.Final\netty-resolver-4.1.59.Final.jar;C:\Users\deep_\.m2\repository\io\netty\netty-transport\4.1.59.Final\netty-transport-4.1.59.Final.jar;C:\Users\deep_\.m2\repository\io\netty\netty-codec\4.1.59.Final\netty-codec-4.1.59.Final.jar;C:\Users\deep_\.m2\repository\io\netty\netty-codec-dns\4.1.59.Final\netty-codec-dns-4.1.59.Final.jar;C:\Users\deep_\.m2\repository\io\netty\netty-resolver-dns-native-macos\4.1.59.Final\netty-resolver-dns-native-macos-4.1.59.Final-osx-x86_64.jar;C:\Users\deep_\.m2\repository\io\netty\netty-transport-native-unix-common\4.1.59.Final\netty-transport-native-unix-common-4.1.59.Final.jar;C:\Users\deep_\.m2\repository\io\netty\netty-codec-haproxy\4.1.59.Final\netty-codec-haproxy-4.1.59.Final.jar;C:\Users\deep_\.m2\repository\io\netty\netty-handler\4.1.59.Final\netty-handler-4.1.59.Final.jar;C:\Users\deep_\.m2\repository\io\netty\netty-transport-native-epoll\4.1.59.Final\netty-transport-native-epoll-4.1.59.Final-linux-x86_64.jar;C:\Users\deep_\.m2\repository\io\netty\netty-transport-native-epoll\4.1.59.Final\netty-transport-native-epoll-4.1.59.Final-linux-aarch_64.jar;C:\Users\deep_\.m2\repository\io\netty\netty-transport-native-kqueue\4.1.59.Final\netty-transport-native-kqueue-4.1.59.Final-osx-x86_64.jar;C:\Users\deep_\.m2\repository\net\kyori\adventure-api\4.8.0\adventure-api-4.8.0.jar;C:\Users\deep_\.m2\repository\net\kyori\adventure-key\4.8.0\adventure-key-4.8.0.jar;C:\Users\deep_\.m2\repository\net\kyori\examination-api\1.1.0\examination-api-1.1.0.jar;C:\Users\deep_\.m2\repository\net\kyori\examination-string\1.1.0\examination-string-1.1.0.jar;C:\Users\deep_\.m2\repository\org\jetbrains\annotations\21.0.1\annotations-21.0.1.jar;C:\Users\deep_\.m2\repository\net\kyori\adventure-text-serializer-gson\4.8.0\adventure-text-serializer-gson-4.8.0.jar;C:\Users\deep_\.m2\repository\net\kyori\adventure-text-serializer-legacy\4.8.0\adventure-text-serializer-legacy-4.8.0.jar;C:\Users\deep_\.m2\repository\net\kyori\adventure-text-serializer-gson-legacy-impl\4.8.0\adventure-text-serializer-gson-legacy-impl-4.8.0.jar;C:\Users\deep_\.m2\repository\net\kyori\adventure-nbt\4.8.0\adventure-nbt-4.8.0.jar;C:\Users\deep_\.m2\repository\junit\junit\4.13.1\junit-4.13.1.jar;C:\Users\deep_\.m2\repository\org\hamcrest\hamcrest-core\1.3\hamcrest-core-1.3.jar;C:\Users\deep_\.m2\repository\org\projectlombok\lombok\1.18.20\lombok-1.18.20.jar;"/>
    <property name="git.branch" value="master"/>
    <property name="git.build.host" value="DESKTOP-B6L66C8"/>
    <property name="java.vm.vendor" value="Oracle Corporation"/>
    <property name="sun.arch.data.model" value="64"/>
    <property name="user.variant" value=""/>
    <property name="git.commit.id" value="1d04a61a46bfdbee7fe8d3af70e9a9ba4fb3e296"/>
    <property name="java.vendor.url" value="https://java.oracle.com/"/>
    <property name="user.timezone" value="America/Toronto"/>
    <property name="os.name" value="Windows 10"/>
    <property name="java.vm.specification.version" value="16"/>
    <property name="sun.java.launcher" value="SUN_STANDARD"/>
    <property name="user.country" value="CA"/>
    <property name="sun.boot.library.path" value="C:\Program Files\Java\jdk-16.0.2\bin"/>
    <property name="sun.java.command" value="C:\Users\deep_\AppData\Local\Temp\surefire6268972227297878989\surefirebooter1102805623841392102.jar C:\Users\deep_\AppData\Local\Temp\surefire6268972227297878989 2021-08-01T12-23-21_729-jvmRun1 surefire16848586921135394281tmp surefire_0770761993046153581tmp"/>
    <property name="jdk.debug" value="release"/>
    <property name="surefire.test.class.path" value="C:\Users\deep_\Documents\cdefense\GitProject\java\Geyser\connector\target\test-classes;C:\Users\deep_\Documents\cdefense\GitProject\java\Geyser\connector\target\classes;C:\Users\deep_\Documents\cdefense\GitProject\java\Geyser\ap\target\ap-1.4.1-SNAPSHOT.jar;C:\Users\deep_\Documents\cdefense\GitProject\java\Geyser\common\target\common-1.4.1-SNAPSHOT.jar;C:\Users\deep_\.m2\repository\org\geysermc\cumulus\cumulus\1.0-SNAPSHOT\cumulus-1.0-SNAPSHOT.jar;C:\Users\deep_\.m2\repository\com\google\errorprone\javac\9+181-r4173-1\javac-9+181-r4173-1.jar;C:\Users\deep_\.m2\repository\com\google\code\gson\gson\2.8.6\gson-2.8.6.jar;C:\Users\deep_\.m2\repository\com\fasterxml\jackson\core\jackson-annotations\2.10.2\jackson-annotations-2.10.2.jar;C:\Users\deep_\.m2\repository\com\fasterxml\jackson\core\jackson-core\2.10.2\jackson-core-2.10.2.jar;C:\Users\deep_\.m2\repository\com\fasterxml\jackson\core\jackson-databind\2.10.2\jackson-databind-2.10.2.jar;C:\Users\deep_\.m2\repository\com\fasterxml\jackson\dataformat\jackson-dataformat-yaml\2.10.2\jackson-dataformat-yaml-2.10.2.jar;C:\Users\deep_\.m2\repository\org\yaml\snakeyaml\1.24\snakeyaml-1.24.jar;C:\Users\deep_\.m2\repository\org\java-websocket\Java-WebSocket\1.5.1\Java-WebSocket-1.5.1.jar;C:\Users\deep_\.m2\repository\org\slf4j\slf4j-api\1.7.25\slf4j-api-1.7.25.jar;C:\Users\deep_\.m2\repository\com\github\CloudburstMC\Protocol\bedrock-v448\690a545d\bedrock-v448-690a545d.jar;C:\Users\deep_\.m2\repository\com\github\CloudburstMC\Protocol\bedrock-v440\690a545d\bedrock-v440-690a545d.jar;C:\Users\deep_\.m2\repository\com\github\CloudburstMC\Protocol\bedrock-v431\690a545d\bedrock-v431-690a545d.jar;C:\Users\deep_\.m2\repository\com\github\CloudburstMC\Protocol\bedrock-v428\690a545d\bedrock-v428-690a545d.jar;C:\Users\deep_\.m2\repository\com\github\CloudburstMC\Protocol\bedrock-v422\690a545d\bedrock-v422-690a545d.jar;C:\Users\deep_\.m2\repository\com\github\CloudburstMC\Protocol\bedrock-v419\690a545d\bedrock-v419-690a545d.jar;C:\Users\deep_\.m2\repository\com\github\CloudburstMC\Protocol\bedrock-v408\690a545d\bedrock-v408-690a545d.jar;C:\Users\deep_\.m2\repository\com\github\CloudburstMC\Protocol\bedrock-v407\690a545d\bedrock-v407-690a545d.jar;C:\Users\deep_\.m2\repository\com\github\CloudburstMC\Protocol\bedrock-v390\690a545d\bedrock-v390-690a545d.jar;C:\Users\deep_\.m2\repository\com\github\CloudburstMC\Protocol\bedrock-v389\690a545d\bedrock-v389-690a545d.jar;C:\Users\deep_\.m2\repository\com\github\CloudburstMC\Protocol\bedrock-v388\690a545d\bedrock-v388-690a545d.jar;C:\Users\deep_\.m2\repository\com\github\CloudburstMC\Protocol\bedrock-v361\690a545d\bedrock-v361-690a545d.jar;C:\Users\deep_\.m2\repository\com\github\CloudburstMC\Protocol\bedrock-v354\690a545d\bedrock-v354-690a545d.jar;C:\Users\deep_\.m2\repository\com\github\CloudburstMC\Protocol\bedrock-v340\690a545d\bedrock-v340-690a545d.jar;C:\Users\deep_\.m2\repository\com\github\CloudburstMC\Protocol\bedrock-v332\690a545d\bedrock-v332-690a545d.jar;C:\Users\deep_\.m2\repository\com\github\CloudburstMC\Protocol\bedrock-v313\690a545d\bedrock-v313-690a545d.jar;C:\Users\deep_\.m2\repository\com\github\CloudburstMC\Protocol\bedrock-v291\690a545d\bedrock-v291-690a545d.jar;C:\Users\deep_\.m2\repository\com\github\CloudburstMC\Protocol\bedrock-common\690a545d\bedrock-common-690a545d.jar;C:\Users\deep_\.m2\repository\com\github\CloudburstMC\Protocol\common\690a545d\common-690a545d.jar;C:\Users\deep_\.m2\repository\com\nukkitx\natives\1.0.2\natives-1.0.2.jar;C:\Users\deep_\.m2\repository\com\nukkitx\nbt\2.0.1\nbt-2.0.1.jar;C:\Users\deep_\.m2\repository\com\nukkitx\math\1.1.0\math-1.1.0.jar;C:\Users\deep_\.m2\repository\com\nukkitx\fastutil\fastutil-int-object-maps\8.5.3\fastutil-int-object-maps-8.5.3.jar;C:\Users\deep_\.m2\repository\com\nimbusds\nimbus-jose-jwt\5.2\nimbus-jose-jwt-5.2.jar;C:\Users\deep_\.m2\repository\com\github\stephenc\jcip\jcip-annotations\1.0-1\jcip-annotations-1.0-1.jar;C:\Users\deep_\.m2\repository\net\minidev\json-smart\2.3\json-smart-2.3.jar;C:\Users\deep_\.m2\repository\net\minidev\accessors-smart\1.2\accessors-smart-1.2.jar;C:\Users\deep_\.m2\repository\org\ow2\asm\asm\5.0.4\asm-5.0.4.jar;C:\Users\deep_\.m2\repository\com\nukkitx\fastutil\fastutil-long-object-maps\8.5.3\fastutil-long-object-maps-8.5.3.jar;C:\Users\deep_\.m2\repository\com\nukkitx\network\raknet\1.6.26-SNAPSHOT\raknet-1.6.26-SNAPSHOT.jar;C:\Users\deep_\.m2\repository\com\nukkitx\network\common\1.6.26-SNAPSHOT\common-1.6.26-SNAPSHOT.jar;C:\Users\deep_\.m2\repository\net\jodah\expiringmap\0.5.9\expiringmap-0.5.9.jar;C:\Users\deep_\.m2\repository\com\nukkitx\fastutil\fastutil-int-int-maps\8.5.2\fastutil-int-int-maps-8.5.2.jar;C:\Users\deep_\.m2\repository\com\nukkitx\fastutil\fastutil-int-sets\8.5.2\fastutil-int-sets-8.5.2.jar;C:\Users\deep_\.m2\repository\com\nukkitx\fastutil\fastutil-int-common\8.5.2\fastutil-int-common-8.5.2.jar;C:\Users\deep_\.m2\repository\com\nukkitx\fastutil\fastutil-common\8.5.2\fastutil-common-8.5.2.jar;C:\Users\deep_\.m2\repository\com\nukkitx\fastutil\fastutil-object-sets\8.5.2\fastutil-object-sets-8.5.2.jar;C:\Users\deep_\.m2\repository\com\nukkitx\fastutil\fastutil-object-common\8.5.2\fastutil-object-common-8.5.2.jar;C:\Users\deep_\.m2\repository\com\nukkitx\fastutil\fastutil-long-long-maps\8.5.2\fastutil-long-long-maps-8.5.2.jar;C:\Users\deep_\.m2\repository\com\nukkitx\fastutil\fastutil-long-sets\8.5.2\fastutil-long-sets-8.5.2.jar;C:\Users\deep_\.m2\repository\com\nukkitx\fastutil\fastutil-long-common\8.5.2\fastutil-long-common-8.5.2.jar;C:\Users\deep_\.m2\repository\com\nukkitx\fastutil\fastutil-int-byte-maps\8.5.2\fastutil-int-byte-maps-8.5.2.jar;C:\Users\deep_\.m2\repository\com\nukkitx\fastutil\fastutil-byte-sets\8.5.2\fastutil-byte-sets-8.5.2.jar;C:\Users\deep_\.m2\repository\com\nukkitx\fastutil\fastutil-byte-common\8.5.2\fastutil-byte-common-8.5.2.jar;C:\Users\deep_\.m2\repository\com\nukkitx\fastutil\fastutil-int-boolean-maps\8.5.2\fastutil-int-boolean-maps-8.5.2.jar;C:\Users\deep_\.m2\repository\com\nukkitx\fastutil\fastutil-boolean-sets\8.5.2\fastutil-boolean-sets-8.5.2.jar;C:\Users\deep_\.m2\repository\com\nukkitx\fastutil\fastutil-boolean-common\8.5.2\fastutil-boolean-common-8.5.2.jar;C:\Users\deep_\.m2\repository\com\nukkitx\fastutil\fastutil-object-int-maps\8.5.2\fastutil-object-int-maps-8.5.2.jar;C:\Users\deep_\.m2\repository\com\nukkitx\fastutil\fastutil-object-object-maps\8.5.2\fastutil-object-object-maps-8.5.2.jar;C:\Users\deep_\.m2\repository\com\google\guava\guava\29.0-jre\guava-29.0-jre.jar;C:\Users\deep_\.m2\repository\com\google\guava\failureaccess\1.0.1\failureaccess-1.0.1.jar;C:\Users\deep_\.m2\repository\com\google\guava\listenablefuture\9999.0-empty-to-avoid-conflict-with-guava\listenablefuture-9999.0-empty-to-avoid-conflict-with-guava.jar;C:\Users\deep_\.m2\repository\com\google\code\findbugs\jsr305\3.0.2\jsr305-3.0.2.jar;C:\Users\deep_\.m2\repository\org\checkerframework\checker-qual\2.11.1\checker-qual-2.11.1.jar;C:\Users\deep_\.m2\repository\com\google\errorprone\error_prone_annotations\2.3.4\error_prone_annotations-2.3.4.jar;C:\Users\deep_\.m2\repository\com\google\j2objc\j2objc-annotations\1.3\j2objc-annotations-1.3.jar;C:\Users\deep_\.m2\repository\com\github\GeyserMC\MCAuthLib\0e48a094f2\MCAuthLib-0e48a094f2.jar;C:\Users\deep_\.m2\repository\com\github\GeyserMC\MCProtocolLib\e427237\MCProtocolLib-e427237.jar;C:\Users\deep_\.m2\repository\com\github\steveice10\opennbt\1.4\opennbt-1.4.jar;C:\Users\deep_\.m2\repository\com\github\GeyserMC\PacketLib\0b75570\PacketLib-0b75570.jar;C:\Users\deep_\.m2\repository\com\github\spotbugs\spotbugs-annotations\4.2.0\spotbugs-annotations-4.2.0.jar;C:\Users\deep_\.m2\repository\io\netty\netty-resolver-dns\4.1.59.Final\netty-resolver-dns-4.1.59.Final.jar;C:\Users\deep_\.m2\repository\io\netty\netty-common\4.1.59.Final\netty-common-4.1.59.Final.jar;C:\Users\deep_\.m2\repository\io\netty\netty-buffer\4.1.59.Final\netty-buffer-4.1.59.Final.jar;C:\Users\deep_\.m2\repository\io\netty\netty-resolver\4.1.59.Final\netty-resolver-4.1.59.Final.jar;C:\Users\deep_\.m2\repository\io\netty\netty-transport\4.1.59.Final\netty-transport-4.1.59.Final.jar;C:\Users\deep_\.m2\repository\io\netty\netty-codec\4.1.59.Final\netty-codec-4.1.59.Final.jar;C:\Users\deep_\.m2\repository\io\netty\netty-codec-dns\4.1.59.Final\netty-codec-dns-4.1.59.Final.jar;C:\Users\deep_\.m2\repository\io\netty\netty-resolver-dns-native-macos\4.1.59.Final\netty-resolver-dns-native-macos-4.1.59.Final-osx-x86_64.jar;C:\Users\deep_\.m2\repository\io\netty\netty-transport-native-unix-common\4.1.59.Final\netty-transport-native-unix-common-4.1.59.Final.jar;C:\Users\deep_\.m2\repository\io\netty\netty-codec-haproxy\4.1.59.Final\netty-codec-haproxy-4.1.59.Final.jar;C:\Users\deep_\.m2\repository\io\netty\netty-handler\4.1.59.Final\netty-handler-4.1.59.Final.jar;C:\Users\deep_\.m2\repository\io\netty\netty-transport-native-epoll\4.1.59.Final\netty-transport-native-epoll-4.1.59.Final-linux-x86_64.jar;C:\Users\deep_\.m2\repository\io\netty\netty-transport-native-epoll\4.1.59.Final\netty-transport-native-epoll-4.1.59.Final-linux-aarch_64.jar;C:\Users\deep_\.m2\repository\io\netty\netty-transport-native-kqueue\4.1.59.Final\netty-transport-native-kqueue-4.1.59.Final-osx-x86_64.jar;C:\Users\deep_\.m2\repository\net\kyori\adventure-api\4.8.0\adventure-api-4.8.0.jar;C:\Users\deep_\.m2\repository\net\kyori\adventure-key\4.8.0\adventure-key-4.8.0.jar;C:\Users\deep_\.m2\repository\net\kyori\examination-api\1.1.0\examination-api-1.1.0.jar;C:\Users\deep_\.m2\repository\net\kyori\examination-string\1.1.0\examination-string-1.1.0.jar;C:\Users\deep_\.m2\repository\org\jetbrains\annotations\21.0.1\annotations-21.0.1.jar;C:\Users\deep_\.m2\repository\net\kyori\adventure-text-serializer-gson\4.8.0\adventure-text-serializer-gson-4.8.0.jar;C:\Users\deep_\.m2\repository\net\kyori\adventure-text-serializer-legacy\4.8.0\adventure-text-serializer-legacy-4.8.0.jar;C:\Users\deep_\.m2\repository\net\kyori\adventure-text-serializer-gson-legacy-impl\4.8.0\adventure-text-serializer-gson-legacy-impl-4.8.0.jar;C:\Users\deep_\.m2\repository\net\kyori\adventure-nbt\4.8.0\adventure-nbt-4.8.0.jar;C:\Users\deep_\.m2\repository\junit\junit\4.13.1\junit-4.13.1.jar;C:\Users\deep_\.m2\repository\org\hamcrest\hamcrest-core\1.3\hamcrest-core-1.3.jar;C:\Users\deep_\.m2\repository\org\projectlombok\lombok\1.18.20\lombok-1.18.20.jar;"/>
    <property name="sun.cpu.endian" value="little"/>
    <property name="user.home" value="C:\Users\deep_"/>
    <property name="user.language" value="en"/>
    <property name="java.specification.vendor" value="Oracle Corporation"/>
    <property name="java.version.date" value="2021-07-20"/>
    <property name="java.home" value="C:\Program Files\Java\jdk-16.0.2"/>
    <property name="git.total.commit.count" value="2105"/>
    <property name="file.separator" value="\"/>
    <property name="basedir" value="C:\Users\deep_\Documents\cdefense\GitProject\java\Geyser\connector"/>
    <property name="java.vm.compressedOopsMode" value="32-bit"/>
    <property name="line.separator" value="&#10;"/>
    <property name="java.vm.specification.vendor" value="Oracle Corporation"/>
    <property name="java.specification.name" value="Java Platform API Specification"/>
    <property name="git.local.branch.ahead" value="0"/>
    <property name="git.build.time" value="2021-08-01T12:22:59-0400"/>
    <property name="surefire.real.class.path" value="C:\Users\deep_\AppData\Local\Temp\surefire6268972227297878989\surefirebooter1102805623841392102.jar"/>
    <property name="git.commit.message.full" value="Collision Registry (#2430)&#10;&#10;* Fix trapdoor collision&#10;&#10;* Add EqualsAndHashCode to all Collision subclasses and shift code around&#10;&#10;EqualsAndHashCode are required on subclasses otherwise blocks will be assigned an incorrect collision instance. (Doors and trapdoors are mixed and ladder sometimes gets a DoorCollision instance).&#10;Added protected constructor to BlockCollision to make boundingBoxes final.&#10;Removed EmptyCollision because I don&apos;t think it is useful.&#10;Moved conversion from ArrayNode to BoundingBoxes[] from OtherCollision to CollisionRegistryLoader&#10;Removed regex from SnowCollision and use default bounding boxes.&#10;&#10;* Deduplicate BlockCollision instances&#10;&#10;* Create one set of bounding boxes for all BlockCollisions&#10;&#10;* Don&apos;t depend on the player&apos;s block position in DoorCollision&#10;&#10;* Fix dirt path position corrections&#10;&#10;Grass paths were renamed to dirt path in 1.17&#10;Fix position correction for y=1, y=2, y=255, and y=256&#10;&#10;* Increase pushAwayTolerance depending on distance from origin&#10;&#10;This should fix position corrections for blocks less than 1 unit in length/width at high coordinates.&#10;This includes ladders after x 4096 or z 4096&#10;Not too sure about the math here though&#10;&#10;* Use ThreadLocal for position&#10;&#10;Hopefully resolves concurrency issues&#10;&#10;* Remove comment and add layer check to SnowCollision"/>
    <property name="user.script" value=""/>
    <property name="sun.management.compiler" value="HotSpot 64-Bit Tiered Compilers"/>
    <property name="java.runtime.version" value="16.0.2+7-67"/>
    <property name="user.name" value="deep_"/>
    <property name="path.separator" value=";"/>
    <property name="os.version" value="10.0"/>
    <property name="java.runtime.name" value="Java(TM) SE Runtime Environment"/>
    <property name="file.encoding" value="UTF-8"/>
    <property name="java.vm.name" value="Java HotSpot(TM) 64-Bit Server VM"/>
    <property name="git.local.branch.behind" value="3"/>
    <property name="git.dirty" value="false"/>
    <property name="localRepository" value="C:\Users\deep_\.m2\repository"/>
    <property name="java.vendor.url.bug" value="https://bugreport.java.com/bugreport/"/>
    <property name="java.io.tmpdir" value="C:\Users\deep_\AppData\Local\Temp\"/>
    <property name="java.version" value="16.0.2"/>
    <property name="user.dir" value="C:\Users\deep_\Documents\cdefense\GitProject\java\Geyser\connector"/>
    <property name="os.arch" value="amd64"/>
    <property name="git.commit.id.abbrev" value="1d04a61"/>
    <property name="java.vm.specification.name" value="Java Virtual Machine Specification"/>
    <property name="sun.os.patch.level" value=""/>
    <property name="java.library.path" value="C:\Program Files\Java\jdk-16.0.2\bin;C:\Windows\Sun\Java\bin;C:\Windows\system32;C:\Windows;C:\Program Files\Common Files\Oracle\Java\javapath;C:\Program Files (x86)\Common Files\Oracle\Java\javapath;C:\Windows\system32;C:\Windows;C:\Windows\System32\Wbem;C:\Windows\System32\WindowsPowerShell\v1.0\;C:\Windows\System32\OpenSSH\;C:\Program Files\PuTTY\;C:\Program Files\Docker\Docker\resources\bin;C:\ProgramData\DockerDesktop\version-bin;C:\Program Files\Git\cmd;C:\Users\deep_\AppData\Local\Programs\Python\Python39\Scripts\;C:\Users\deep_\AppData\Local\Programs\Python\Python39\;C:\Users\deep_\AppData\Local\Microsoft\WindowsApps;C:\Users\deep_\AppData\Local\Programs\Microsoft VS Code\bin;C:\Program Files\Apache Maven\bin;C:\Windows\System32;."/>
    <property name="java.vm.info" value="mixed mode, sharing"/>
    <property name="java.vendor" value="Oracle Corporation"/>
    <property name="java.vm.version" value="16.0.2+7-67"/>
    <property name="sun.io.unicode.encoding" value="UnicodeLittle"/>
    <property name="java.class.version" value="60.0"/>
    <property name="git.commit.time" value="2021-07-30T22:35:13-0400"/>
    <property name="git.remote.origin.url" value="https://github.com/GeyserMC/Geyser"/>
  </properties>
  <testcase name="convertMessage" classname="org.geysermc.connector.network.translators.chat.MessageTranslatorTest" time="0.198"/>
  <testcase name="convertMessageLenient" classname="org.geysermc.connector.network.translators.chat.MessageTranslatorTest" time="0.235"/>
</testsuite>